/home/mshu/TASSEL_5/lib/sTASSEL.jar:/home/mshu/TASSEL_5/lib/jhdf5-14.12.5.jar:/home/mshu/TASSEL_5/lib/javax.json-1.0.4.jar:/home/mshu/TASSEL_5/lib/junit-4.10.jar:/home/mshu/TASSEL_5/lib/guava-22.0.jar:/home/mshu/TASSEL_5/lib/ejml-0.23.jar:/home/mshu/TASSEL_5/lib/ahocorasick-0.2.4.jar:/home/mshu/TASSEL_5/lib/forester-1.038.jar:/home/mshu/TASSEL_5/lib/jfreechart-1.0.19.jar:/home/mshu/TASSEL_5/lib/log4j-1.2.13.jar:/home/mshu/TASSEL_5/lib/colt-1.2.0.jar:/home/mshu/TASSEL_5/lib/biojava-alignment-4.0.0.jar:/home/mshu/TASSEL_5/lib/json-simple-1.1.1.jar:/home/mshu/TASSEL_5/lib/commons-math3-3.4.1.jar:/home/mshu/TASSEL_5/lib/snappy-java-1.1.1.6.jar:/home/mshu/TASSEL_5/lib/mail-1.4.jar:/home/mshu/TASSEL_5/lib/commons-codec-1.10.jar:/home/mshu/TASSEL_5/lib/biojava-phylo-4.0.0.jar:/home/mshu/TASSEL_5/lib/jfreesvg-3.2.jar:/home/mshu/TASSEL_5/lib/itextpdf-5.1.0.jar:/home/mshu/TASSEL_5/lib/slf4j-simple-1.7.10.jar:/home/mshu/TASSEL_5/lib/biojava-core-4.0.0.jar:/home/mshu/TASSEL_5/lib/postgresql-9.4-1201.jdbc41.jar:/home/mshu/TASSEL_5/lib/jcommon-1.0.23.jar:/home/mshu/TASSEL_5/lib/htsjdk-2.11.0.jar:/home/mshu/TASSEL_5/lib/sqlite-jdbc-3.8.5-pre1.jar:/home/mshu/TASSEL_5/lib/slf4j-api-1.7.10.jar:/home/mshu/TASSEL_5/lib/trove-3.0.3.jar:/home/mshu/TASSEL_5/sTASSEL.jar
Memory Settings: -Xms100G -Xmx300G
Tassel Pipeline Arguments: -fork1 -TagExportToFastqPlugin -db /home/mshu/GBS_96/S2_dbtotagfq/input/GBS_S1.db -o /home/mshu/GBS_96/S2_dbtotagfq/output/GBS_S2_tag.fa.gz -c 1 -endPlugin -runfork1
[main] INFO net.maizegenetics.tassel.TasselLogging - Tassel Version: 5.2.39  Date: September 7, 2017
[main] INFO net.maizegenetics.tassel.TasselLogging - Max Available Memory Reported by JVM: 273067 MB
[main] INFO net.maizegenetics.tassel.TasselLogging - Java Version: 1.8.0_144
[main] INFO net.maizegenetics.tassel.TasselLogging - OS: Linux
[main] INFO net.maizegenetics.tassel.TasselLogging - Number of Processors: 24
[main] INFO net.maizegenetics.pipeline.TasselPipeline - Tassel Pipeline Arguments: [-fork1, -TagExportToFastqPlugin, -db, /home/mshu/GBS_96/S2_dbtotagfq/input/GBS_S1.db, -o, /home/mshu/GBS_96/S2_dbtotagfq/output/GBS_S2_tag.fa.gz, -c, 1, -endPlugin, -runfork1]
net.maizegenetics.analysis.gbs.v2.TagExportToFastqPlugin
[pool-1-thread-1] INFO net.maizegenetics.plugindef.AbstractPlugin - Starting net.maizegenetics.analysis.gbs.v2.TagExportToFastqPlugin: time: Sep 21, 2018 15:30:25
[pool-1-thread-1] INFO net.maizegenetics.plugindef.AbstractPlugin - 
TagExportToFastqPlugin Parameters
db: /home/mshu/GBS_96/S2_dbtotagfq/input/GBS_S1.db
o: /home/mshu/GBS_96/S2_dbtotagfq/output/GBS_S2_tag.fa.gz
c: 1

size of all tags in tag table=7462645
size of all tissues in tissue table=0
size of all tags in mappingApproach table=1
size of all taxa in taxa table=96
Closing SQLDB
[pool-1-thread-1] INFO net.maizegenetics.analysis.gbs.v2.TagExportToFastqPlugin - Finished converting binary tag count file to fastq.
Total number of tags written: 7462645 (above minCount of 1)
Ouput fastq file: /home/mshu/GBS_96/S2_dbtotagfq/output/GBS_S2_tag.fa.gz


[pool-1-thread-1] INFO net.maizegenetics.plugindef.AbstractPlugin - Finished net.maizegenetics.analysis.gbs.v2.TagExportToFastqPlugin: time: Sep 21, 2018 15:34:43
[pool-1-thread-1] INFO net.maizegenetics.pipeline.TasselPipeline - net.maizegenetics.analysis.gbs.v2.TagExportToFastqPlugin: time: Sep 21, 2018 15:34:43: progress: 100%
[pool-1-thread-1] INFO net.maizegenetics.plugindef.AbstractPlugin - net.maizegenetics.analysis.gbs.v2.TagExportToFastqPlugin  Citation: Bradbury PJ, Zhang Z, Kroon DE, Casstevens TM, Ramdoss Y, Buckler ES. (2007) TASSEL: Software for association mapping of complex traits in diverse samples. Bioinformatics 23:2633-2635.
