[bwa_aln] 17bp reads: max_diff = 2
[bwa_aln] 38bp reads: max_diff = 3
[bwa_aln] 64bp reads: max_diff = 4
[bwa_aln] 93bp reads: max_diff = 5
[bwa_aln] 124bp reads: max_diff = 6
[bwa_aln] 157bp reads: max_diff = 7
[bwa_aln] 190bp reads: max_diff = 8
[bwa_aln] 225bp reads: max_diff = 9
[bwa_aln_core] calculate SA coordinate... 211.27 sec
[bwa_aln_core] write to the disk... 0.13 sec
[bwa_aln_core] 262144 sequences have been processed.
[bwa_aln_core] calculate SA coordinate... 210.56 sec
[bwa_aln_core] write to the disk... 0.09 sec
[bwa_aln_core] 524288 sequences have been processed.
[bwa_aln_core] calculate SA coordinate... 210.33 sec
[bwa_aln_core] write to the disk... 0.11 sec
[bwa_aln_core] 786432 sequences have been processed.
[bwa_aln_core] calculate SA coordinate... 209.98 sec
[bwa_aln_core] write to the disk... 0.10 sec
[bwa_aln_core] 1048576 sequences have been processed.
[bwa_aln_core] calculate SA coordinate... 210.45 sec
[bwa_aln_core] write to the disk... 0.12 sec
[bwa_aln_core] 1310720 sequences have been processed.
[bwa_aln_core] calculate SA coordinate... 210.01 sec
[bwa_aln_core] write to the disk... 0.10 sec
[bwa_aln_core] 1572864 sequences have been processed.
[bwa_aln_core] calculate SA coordinate... 210.72 sec
[bwa_aln_core] write to the disk... 0.09 sec
[bwa_aln_core] 1835008 sequences have been processed.
[bwa_aln_core] calculate SA coordinate... 212.13 sec
[bwa_aln_core] write to the disk... 0.07 sec
[bwa_aln_core] 2097152 sequences have been processed.
[bwa_aln_core] calculate SA coordinate... 223.56 sec
[bwa_aln_core] write to the disk... 0.11 sec
[bwa_aln_core] 2359296 sequences have been processed.
[bwa_aln_core] calculate SA coordinate... 231.90 sec
[bwa_aln_core] write to the disk... 0.10 sec
[bwa_aln_core] 2621440 sequences have been processed.
[bwa_aln_core] calculate SA coordinate... 226.08 sec
[bwa_aln_core] write to the disk... 0.09 sec
[bwa_aln_core] 2883584 sequences have been processed.
[bwa_aln_core] calculate SA coordinate... 228.14 sec
[bwa_aln_core] write to the disk... 0.10 sec
[bwa_aln_core] 3145728 sequences have been processed.
[bwa_aln_core] calculate SA coordinate... 221.72 sec
[bwa_aln_core] write to the disk... 0.07 sec
[bwa_aln_core] 3407872 sequences have been processed.
[bwa_aln_core] calculate SA coordinate... 220.37 sec
[bwa_aln_core] write to the disk... 0.05 sec
[bwa_aln_core] 3670016 sequences have been processed.
[bwa_aln_core] calculate SA coordinate... 216.54 sec
[bwa_aln_core] write to the disk... 0.06 sec
[bwa_aln_core] 3932160 sequences have been processed.
[bwa_aln_core] calculate SA coordinate... 215.72 sec
[bwa_aln_core] write to the disk... 0.12 sec
[bwa_aln_core] 4194304 sequences have been processed.
[bwa_aln_core] calculate SA coordinate... 221.22 sec
[bwa_aln_core] write to the disk... 0.11 sec
[bwa_aln_core] 4456448 sequences have been processed.
[bwa_aln_core] calculate SA coordinate... 219.73 sec
[bwa_aln_core] write to the disk... 0.12 sec
[bwa_aln_core] 4718592 sequences have been processed.
[bwa_aln_core] calculate SA coordinate... 214.23 sec
[bwa_aln_core] write to the disk... 0.11 sec
[bwa_aln_core] 4980736 sequences have been processed.
[bwa_aln_core] calculate SA coordinate... 217.96 sec
[bwa_aln_core] write to the disk... 0.09 sec
[bwa_aln_core] 5242880 sequences have been processed.
[bwa_aln_core] calculate SA coordinate... 210.90 sec
[bwa_aln_core] write to the disk... 0.09 sec
[bwa_aln_core] 5505024 sequences have been processed.
[bwa_aln_core] calculate SA coordinate... 212.91 sec
[bwa_aln_core] write to the disk... 0.12 sec
[bwa_aln_core] 5767168 sequences have been processed.
[bwa_aln_core] calculate SA coordinate... 213.24 sec
[bwa_aln_core] write to the disk... 0.11 sec
[bwa_aln_core] 6029312 sequences have been processed.
[bwa_aln_core] calculate SA coordinate... 219.18 sec
[bwa_aln_core] write to the disk... 0.11 sec
[bwa_aln_core] 6291456 sequences have been processed.
[bwa_aln_core] calculate SA coordinate... 216.01 sec
[bwa_aln_core] write to the disk... 0.11 sec
[bwa_aln_core] 6553600 sequences have been processed.
[bwa_aln_core] calculate SA coordinate... 214.11 sec
[bwa_aln_core] write to the disk... 0.12 sec
[bwa_aln_core] 6815744 sequences have been processed.
[bwa_aln_core] calculate SA coordinate... 215.58 sec
[bwa_aln_core] write to the disk... 0.11 sec
[bwa_aln_core] 7077888 sequences have been processed.
[bwa_aln_core] calculate SA coordinate... 215.53 sec
[bwa_aln_core] write to the disk... 0.10 sec
[bwa_aln_core] 7340032 sequences have been processed.
[bwa_aln_core] calculate SA coordinate... 100.97 sec
[bwa_aln_core] write to the disk... 0.05 sec
[bwa_aln_core] 7462645 sequences have been processed.
[main] Version: 0.7.17-r1188
[main] CMD: /home/mshu/bwa-0.7.17/bwa aln -t 4 /home/mshu/GBS_96/S3_BWA/Pita_chr12.fasta /home/mshu/GBS_96/S3_BWA/input/GBS_S2_tag.fa.gz
[main] Real time: 1746.420 sec; CPU: 6232.492 sec
