/home/mshu/TASSEL_5/lib/sTASSEL.jar:/home/mshu/TASSEL_5/lib/jhdf5-14.12.5.jar:/home/mshu/TASSEL_5/lib/javax.json-1.0.4.jar:/home/mshu/TASSEL_5/lib/junit-4.10.jar:/home/mshu/TASSEL_5/lib/guava-22.0.jar:/home/mshu/TASSEL_5/lib/ejml-0.23.jar:/home/mshu/TASSEL_5/lib/ahocorasick-0.2.4.jar:/home/mshu/TASSEL_5/lib/forester-1.038.jar:/home/mshu/TASSEL_5/lib/jfreechart-1.0.19.jar:/home/mshu/TASSEL_5/lib/log4j-1.2.13.jar:/home/mshu/TASSEL_5/lib/colt-1.2.0.jar:/home/mshu/TASSEL_5/lib/biojava-alignment-4.0.0.jar:/home/mshu/TASSEL_5/lib/json-simple-1.1.1.jar:/home/mshu/TASSEL_5/lib/commons-math3-3.4.1.jar:/home/mshu/TASSEL_5/lib/snappy-java-1.1.1.6.jar:/home/mshu/TASSEL_5/lib/mail-1.4.jar:/home/mshu/TASSEL_5/lib/commons-codec-1.10.jar:/home/mshu/TASSEL_5/lib/biojava-phylo-4.0.0.jar:/home/mshu/TASSEL_5/lib/jfreesvg-3.2.jar:/home/mshu/TASSEL_5/lib/itextpdf-5.1.0.jar:/home/mshu/TASSEL_5/lib/slf4j-simple-1.7.10.jar:/home/mshu/TASSEL_5/lib/biojava-core-4.0.0.jar:/home/mshu/TASSEL_5/lib/postgresql-9.4-1201.jdbc41.jar:/home/mshu/TASSEL_5/lib/jcommon-1.0.23.jar:/home/mshu/TASSEL_5/lib/htsjdk-2.11.0.jar:/home/mshu/TASSEL_5/lib/sqlite-jdbc-3.8.5-pre1.jar:/home/mshu/TASSEL_5/lib/slf4j-api-1.7.10.jar:/home/mshu/TASSEL_5/lib/trove-3.0.3.jar:/home/mshu/TASSEL_5/sTASSEL.jar
Memory Settings: -Xms100G -Xmx250G
Tassel Pipeline Arguments: -fork1 -ProductionSNPCallerPluginV2 -db /qsb/mshu/GBS_96/S6_prodSNP_h5/input/GBS_S5.db -e ApeKI -i /qsb/mshu/GBS_96/Data -k /qsb/mshu/GBS_96/Data/GBS_96_key.txt -kmerLength 64 -o /qsb/mshu/GBS_96/S6_prodSNP_h5/output/GBS_96.h5 -mnQS 20 -endPlugin -runfork1
[main] INFO net.maizegenetics.tassel.TasselLogging - Tassel Version: 5.2.39  Date: September 7, 2017
[main] INFO net.maizegenetics.tassel.TasselLogging - Max Available Memory Reported by JVM: 227556 MB
[main] INFO net.maizegenetics.tassel.TasselLogging - Java Version: 1.8.0_144
[main] INFO net.maizegenetics.tassel.TasselLogging - OS: Linux
[main] INFO net.maizegenetics.tassel.TasselLogging - Number of Processors: 20
[main] INFO net.maizegenetics.pipeline.TasselPipeline - Tassel Pipeline Arguments: [-fork1, -ProductionSNPCallerPluginV2, -db, /qsb/mshu/GBS_96/S6_prodSNP_h5/input/GBS_S5.db, -e, ApeKI, -i, /qsb/mshu/GBS_96/Data, -k, /qsb/mshu/GBS_96/Data/GBS_96_key.txt, -kmerLength, 64, -o, /qsb/mshu/GBS_96/S6_prodSNP_h5/output/GBS_96.h5, -mnQS, 20, -endPlugin, -runfork1]
net.maizegenetics.analysis.gbs.v2.ProductionSNPCallerPluginV2
[pool-1-thread-1] INFO net.maizegenetics.plugindef.AbstractPlugin - Starting net.maizegenetics.analysis.gbs.v2.ProductionSNPCallerPluginV2: time: Mar 14, 2019 14:14:23


Enzyme: ApeKI
[pool-1-thread-1] INFO net.maizegenetics.plugindef.AbstractPlugin - 
ProductionSNPCallerPluginV2 Parameters
i: /qsb/mshu/GBS_96/Data
k: /qsb/mshu/GBS_96/Data/GBS_96_key.txt
e: ApeKI
db: /qsb/mshu/GBS_96/S6_prodSNP_h5/input/GBS_S5.db
o: /qsb/mshu/GBS_96/S6_prodSNP_h5/output/GBS_96.h5
eR: 0.01
d: 0
ko: false
do: true
kmerLength: 64
minPosQS: 0.0
batchSize: 8
mnQS: 20

size of all tags in tag table=7462645
slurmstepd: error: Job 161739 exceeded memory limit (6634044 > 4096000), being killed
slurmstepd: error: Exceeded job memory limit
slurmstepd: error: *** JOB 161739 ON mrcd08 CANCELLED AT 2019-03-14T14:14:50 ***
